<?xml version="1.0" encoding="UTF-8"?>
<!-- Generated by org.testng.reporters.JUnitXMLReporter -->
<testsuite ignored="0" hostname="Debayudh-HP" failures="1" tests="4" name="Functional Test" time="86.043" errors="0" timestamp="2025-04-14T20:11:30 IST">
  <testcase classname="test.TestCustomerPortal" name="LoginTest" time="5.619"/>
  <testcase classname="test.TestCustomerPortal" name="AddItemtoCart" time="45.204"/>
  <testcase classname="test.TestCustomerPortal" name="cartFunctions" time="22.327"/>
  <testcase classname="test.TestCustomerPortal" name="LogoutfromPortal" time="5.149">
    <failure type="java.lang.AssertionError" message="Logout is not successful expected [true] but found [false]">
      <![CDATA[java.lang.AssertionError: Logout is not successful expected [true] but found [false]
at test.TestCustomerPortal.LogoutfromPortal(TestCustomerPortal.java:91)
at java.base/java.util.ArrayList.forEach(ArrayList.java:1596)
... Removed 28 stack frames]]>
    </failure>
  </testcase> <!-- LogoutfromPortal -->
</testsuite> <!-- Functional Test -->
