<?xml version="1.0" encoding="UTF-8"?>
<testng-results ignored="0" total="4" passed="4" failed="0" skipped="0">
  <reporter-output>
  </reporter-output>
  <suite started-at="2025-04-14T21:10:11 IST" name="Functional Suite" finished-at="2025-04-14T21:11:50 IST" duration-ms="98698">
    <groups>
    </groups>
    <test started-at="2025-04-14T21:10:11 IST" name="Functional Test" finished-at="2025-04-14T21:11:50 IST" duration-ms="98698">
      <class name="test.TestCustomerPortal">
        <test-method is-config="true" signature="init()[pri:0, instance:test.TestCustomerPortal@1e800aaa]" started-at="2025-04-14T21:10:11 IST" name="init" finished-at="2025-04-14T21:10:23 IST" duration-ms="11538" status="PASS">
          <reporter-output>
          </reporter-output>
        </test-method> <!-- init -->
        <test-method signature="LoginTest()[pri:0, instance:test.TestCustomerPortal@1e800aaa]" started-at="2025-04-14T21:10:23 IST" name="LoginTest" finished-at="2025-04-14T21:10:29 IST" duration-ms="5604" status="PASS">
          <reporter-output>
          </reporter-output>
        </test-method> <!-- LoginTest -->
        <test-method signature="AddItemtoCart()[pri:2, instance:test.TestCustomerPortal@1e800aaa]" started-at="2025-04-14T21:10:29 IST" name="AddItemtoCart" finished-at="2025-04-14T21:11:15 IST" duration-ms="45966" status="PASS">
          <reporter-output>
          </reporter-output>
        </test-method> <!-- AddItemtoCart -->
        <test-method signature="cartFunctions()[pri:3, instance:test.TestCustomerPortal@1e800aaa]" started-at="2025-04-14T21:11:15 IST" name="cartFunctions" finished-at="2025-04-14T21:11:45 IST" duration-ms="30002" status="PASS">
          <reporter-output>
          </reporter-output>
        </test-method> <!-- cartFunctions -->
        <test-method signature="LogoutfromPortal()[pri:4, instance:test.TestCustomerPortal@1e800aaa]" started-at="2025-04-14T21:11:45 IST" name="LogoutfromPortal" finished-at="2025-04-14T21:11:50 IST" duration-ms="5142" status="PASS">
          <reporter-output>
          </reporter-output>
        </test-method> <!-- LogoutfromPortal -->
        <test-method is-config="true" signature="tearDown()[pri:0, instance:test.TestCustomerPortal@1e800aaa]" started-at="2025-04-14T21:11:50 IST" name="tearDown" finished-at="2025-04-14T21:11:50 IST" duration-ms="215" status="PASS">
          <reporter-output>
          </reporter-output>
        </test-method> <!-- tearDown -->
      </class> <!-- test.TestCustomerPortal -->
    </test> <!-- Functional Test -->
  </suite> <!-- Functional Suite -->
</testng-results>
