<?xml version="1.0" encoding="UTF-8"?>
<testng-results ignored="0" total="4" passed="3" failed="1" skipped="0">
  <reporter-output>
  </reporter-output>
  <suite started-at="2025-04-14T20:10:04 IST" name="Functional Suite" finished-at="2025-04-14T20:11:30 IST" duration-ms="86043">
    <groups>
    </groups>
    <test started-at="2025-04-14T20:10:04 IST" name="Functional Test" finished-at="2025-04-14T20:11:30 IST" duration-ms="86043">
      <class name="test.TestCustomerPortal">
        <test-method is-config="true" signature="init()[pri:0, instance:test.TestCustomerPortal@1573f9fc]" started-at="2025-04-14T20:10:04 IST" name="init" finished-at="2025-04-14T20:10:11 IST" duration-ms="7165" status="PASS">
          <reporter-output>
          </reporter-output>
        </test-method> <!-- init -->
        <test-method signature="LoginTest()[pri:0, instance:test.TestCustomerPortal@1573f9fc]" started-at="2025-04-14T20:10:11 IST" name="LoginTest" finished-at="2025-04-14T20:10:17 IST" duration-ms="5619" status="PASS">
          <reporter-output>
          </reporter-output>
        </test-method> <!-- LoginTest -->
        <test-method signature="AddItemtoCart()[pri:2, instance:test.TestCustomerPortal@1573f9fc]" started-at="2025-04-14T20:10:17 IST" name="AddItemtoCart" finished-at="2025-04-14T20:11:02 IST" duration-ms="45204" status="PASS">
          <reporter-output>
          </reporter-output>
        </test-method> <!-- AddItemtoCart -->
        <test-method signature="cartFunctions()[pri:3, instance:test.TestCustomerPortal@1573f9fc]" started-at="2025-04-14T20:11:02 IST" name="cartFunctions" finished-at="2025-04-14T20:11:25 IST" duration-ms="22327" status="PASS">
          <reporter-output>
          </reporter-output>
        </test-method> <!-- cartFunctions -->
        <test-method signature="LogoutfromPortal()[pri:4, instance:test.TestCustomerPortal@1573f9fc]" started-at="2025-04-14T20:11:25 IST" name="LogoutfromPortal" finished-at="2025-04-14T20:11:30 IST" duration-ms="5149" status="FAIL">
          <exception class="java.lang.AssertionError">
            <message>
              <![CDATA[Logout is not successful expected [true] but found [false]]]>
            </message>
            <full-stacktrace>
              <![CDATA[java.lang.AssertionError: Logout is not successful expected [true] but found [false]
at org.testng.Assert.fail(Assert.java:111)
at org.testng.Assert.failNotEquals(Assert.java:1590)
at org.testng.Assert.assertTrue(Assert.java:57)
at test.TestCustomerPortal.LogoutfromPortal(TestCustomerPortal.java:91)
at java.base/jdk.internal.reflect.DirectMethodHandleAccessor.invoke(DirectMethodHandleAccessor.java:103)
at java.base/java.lang.reflect.Method.invoke(Method.java:580)
at org.testng.internal.invokers.MethodInvocationHelper.invokeMethod(MethodInvocationHelper.java:141)
at org.testng.internal.invokers.TestInvoker.invokeMethod(TestInvoker.java:687)
at org.testng.internal.invokers.TestInvoker.invokeTestMethod(TestInvoker.java:230)
at org.testng.internal.invokers.MethodRunner.runInSequence(MethodRunner.java:63)
at org.testng.internal.invokers.TestInvoker$MethodInvocationAgent.invoke(TestInvoker.java:995)
at org.testng.internal.invokers.TestInvoker.invokeTestMethods(TestInvoker.java:203)
at org.testng.internal.invokers.TestMethodWorker.invokeTestMethods(TestMethodWorker.java:154)
at org.testng.internal.invokers.TestMethodWorker.run(TestMethodWorker.java:134)
at java.base/java.util.ArrayList.forEach(ArrayList.java:1596)
at org.testng.TestRunner.privateRun(TestRunner.java:741)
at org.testng.TestRunner.run(TestRunner.java:616)
at org.testng.SuiteRunner.runTest(SuiteRunner.java:421)
at org.testng.SuiteRunner.runSequentially(SuiteRunner.java:413)
at org.testng.SuiteRunner.privateRun(SuiteRunner.java:373)
at org.testng.SuiteRunner.run(SuiteRunner.java:312)
at org.testng.SuiteRunnerWorker.runSuite(SuiteRunnerWorker.java:52)
at org.testng.SuiteRunnerWorker.run(SuiteRunnerWorker.java:95)
at org.testng.TestNG.runSuitesSequentially(TestNG.java:1274)
at org.testng.TestNG.runSuitesLocally(TestNG.java:1208)
at org.testng.TestNG.runSuites(TestNG.java:1112)
at org.testng.TestNG.run(TestNG.java:1079)
at org.testng.remote.AbstractRemoteTestNG.run(AbstractRemoteTestNG.java:115)
at org.testng.remote.RemoteTestNG.initAndRun(RemoteTestNG.java:293)
at org.testng.remote.RemoteTestNG.main(RemoteTestNG.java:91)
]]>
            </full-stacktrace>
          </exception> <!-- java.lang.AssertionError -->
          <reporter-output>
          </reporter-output>
        </test-method> <!-- LogoutfromPortal -->
        <test-method is-config="true" signature="tearDown()[pri:0, instance:test.TestCustomerPortal@1573f9fc]" started-at="2025-04-14T20:11:30 IST" name="tearDown" finished-at="2025-04-14T20:11:30 IST" duration-ms="225" status="PASS">
          <reporter-output>
          </reporter-output>
        </test-method> <!-- tearDown -->
      </class> <!-- test.TestCustomerPortal -->
    </test> <!-- Functional Test -->
  </suite> <!-- Functional Suite -->
</testng-results>
