<?xml version="1.0" encoding="UTF-8"?>
<!-- Generated by org.testng.reporters.JUnitReportReporter -->
<testsuite hostname="Debayudh-HP" failures="0" tests="4" name="test.TestCustomerPortal" time="86.714" errors="0" timestamp="2025-04-14T21:11:50 IST" skipped="0">
  <testcase classname="test.TestCustomerPortal" name="LoginTest" time="5.604"/>
  <testcase classname="test.TestCustomerPortal" name="AddItemtoCart" time="45.966"/>
  <testcase classname="test.TestCustomerPortal" name="cartFunctions" time="30.002"/>
  <testcase classname="test.TestCustomerPortal" name="LogoutfromPortal" time="5.142"/>
</testsuite> <!-- test.TestCustomerPortal -->
